[debug] [2024-01-16T23:57:35.749Z] ----------------------------------------------------------------------
[debug] [2024-01-16T23:57:35.750Z] Command:       /Users/joaoluizdefigueiredomagalhaes/.nvm/versions/node/v16.14.2/bin/node /Users/joaoluizdefigueiredomagalhaes/.nvm/versions/node/v16.14.2/bin/firebase deploy --only functions
[debug] [2024-01-16T23:57:35.750Z] CLI Version:   12.3.1
[debug] [2024-01-16T23:57:35.751Z] Platform:      darwin
[debug] [2024-01-16T23:57:35.751Z] Node Version:  v16.14.2
[debug] [2024-01-16T23:57:35.751Z] Time:          Tue Jan 16 2024 20:57:35 GMT-0300 (Brasilia Standard Time)
[debug] [2024-01-16T23:57:35.752Z] ----------------------------------------------------------------------
[debug] 
[debug] [2024-01-16T23:57:35.782Z] > command requires scopes: ["email","openid","https://www.googleapis.com/auth/cloudplatformprojects.readonly","https://www.googleapis.com/auth/firebase","https://www.googleapis.com/auth/cloud-platform"]
[debug] [2024-01-16T23:57:35.782Z] > authorizing via signed-in user (dukejlf@gmail.com)
[debug] [2024-01-16T23:57:35.782Z] [iam] checking project essencia-bahiana for permissions ["cloudfunctions.functions.create","cloudfunctions.functions.delete","cloudfunctions.functions.get","cloudfunctions.functions.list","cloudfunctions.functions.update","cloudfunctions.operations.get","firebase.projects.get"]
[debug] [2024-01-16T23:57:35.783Z] > refreshing access token with scopes: []
[debug] [2024-01-16T23:57:35.784Z] >>> [apiv2][query] POST https://www.googleapis.com/oauth2/v3/token [none]
[debug] [2024-01-16T23:57:35.784Z] >>> [apiv2][body] POST https://www.googleapis.com/oauth2/v3/token [omitted]
[debug] [2024-01-16T23:57:36.098Z] <<< [apiv2][status] POST https://www.googleapis.com/oauth2/v3/token 200
[debug] [2024-01-16T23:57:36.099Z] <<< [apiv2][body] POST https://www.googleapis.com/oauth2/v3/token [omitted]
[debug] [2024-01-16T23:57:36.115Z] >>> [apiv2][query] POST https://cloudresourcemanager.googleapis.com/v1/projects/essencia-bahiana:testIamPermissions [none]
[debug] [2024-01-16T23:57:36.116Z] >>> [apiv2][(partial)header] POST https://cloudresourcemanager.googleapis.com/v1/projects/essencia-bahiana:testIamPermissions x-goog-quota-user=projects/essencia-bahiana
[debug] [2024-01-16T23:57:36.116Z] >>> [apiv2][body] POST https://cloudresourcemanager.googleapis.com/v1/projects/essencia-bahiana:testIamPermissions {"permissions":["cloudfunctions.functions.create","cloudfunctions.functions.delete","cloudfunctions.functions.get","cloudfunctions.functions.list","cloudfunctions.functions.update","cloudfunctions.operations.get","firebase.projects.get"]}
[debug] [2024-01-16T23:57:37.173Z] <<< [apiv2][status] POST https://cloudresourcemanager.googleapis.com/v1/projects/essencia-bahiana:testIamPermissions 200
[debug] [2024-01-16T23:57:37.173Z] <<< [apiv2][body] POST https://cloudresourcemanager.googleapis.com/v1/projects/essencia-bahiana:testIamPermissions {"permissions":["cloudfunctions.functions.create","cloudfunctions.functions.delete","cloudfunctions.functions.get","cloudfunctions.functions.list","cloudfunctions.functions.update","cloudfunctions.operations.get","firebase.projects.get"]}
[debug] [2024-01-16T23:57:37.173Z] >>> [apiv2][query] POST https://iam.googleapis.com/v1/projects/essencia-bahiana/serviceAccounts/essencia-bahiana@appspot.gserviceaccount.com:testIamPermissions [none]
[debug] [2024-01-16T23:57:37.174Z] >>> [apiv2][body] POST https://iam.googleapis.com/v1/projects/essencia-bahiana/serviceAccounts/essencia-bahiana@appspot.gserviceaccount.com:testIamPermissions {"permissions":["iam.serviceAccounts.actAs"]}
[debug] [2024-01-16T23:57:38.129Z] <<< [apiv2][status] POST https://iam.googleapis.com/v1/projects/essencia-bahiana/serviceAccounts/essencia-bahiana@appspot.gserviceaccount.com:testIamPermissions 200
[debug] [2024-01-16T23:57:38.130Z] <<< [apiv2][body] POST https://iam.googleapis.com/v1/projects/essencia-bahiana/serviceAccounts/essencia-bahiana@appspot.gserviceaccount.com:testIamPermissions {"permissions":["iam.serviceAccounts.actAs"]}
[info] 
[info] === Deploying to 'essencia-bahiana'...
[info] 
[info] i  deploying functions 
[debug] [2024-01-16T23:57:38.134Z] >>> [apiv2][query] GET https://firebase.googleapis.com/v1beta1/projects/essencia-bahiana [none]
[debug] [2024-01-16T23:57:38.697Z] <<< [apiv2][status] GET https://firebase.googleapis.com/v1beta1/projects/essencia-bahiana 200
[debug] [2024-01-16T23:57:38.697Z] <<< [apiv2][body] GET https://firebase.googleapis.com/v1beta1/projects/essencia-bahiana {"projectId":"essencia-bahiana","projectNumber":"467804101964","displayName":"essencia-bahiana","name":"projects/essencia-bahiana","resources":{"hostingSite":"essencia-bahiana","realtimeDatabaseInstance":"essencia-bahiana-default-rtdb","storageBucket":"essencia-bahiana.appspot.com","locationId":"southamerica-east1"},"state":"ACTIVE","etag":"1_dccfce22-f90c-4457-bed8-bfbf65ddc1c9"}
[info] i  functions: preparing codebase default for deployment 
[info] i  functions: ensuring required API cloudfunctions.googleapis.com is enabled... 
[info] i  functions: ensuring required API cloudbuild.googleapis.com is enabled... 
[info] i  artifactregistry: ensuring required API artifactregistry.googleapis.com is enabled... 
[debug] [2024-01-16T23:57:38.700Z] >>> [apiv2][query] GET https://serviceusage.googleapis.com/v1/projects/essencia-bahiana/services/cloudfunctions.googleapis.com [none]
[debug] [2024-01-16T23:57:38.700Z] >>> [apiv2][(partial)header] GET https://serviceusage.googleapis.com/v1/projects/essencia-bahiana/services/cloudfunctions.googleapis.com x-goog-quota-user=projects/essencia-bahiana
[debug] [2024-01-16T23:57:38.701Z] >>> [apiv2][query] GET https://serviceusage.googleapis.com/v1/projects/essencia-bahiana/services/runtimeconfig.googleapis.com [none]
[debug] [2024-01-16T23:57:38.701Z] >>> [apiv2][(partial)header] GET https://serviceusage.googleapis.com/v1/projects/essencia-bahiana/services/runtimeconfig.googleapis.com x-goog-quota-user=projects/essencia-bahiana
[debug] [2024-01-16T23:57:38.702Z] >>> [apiv2][query] GET https://serviceusage.googleapis.com/v1/projects/essencia-bahiana/services/cloudbuild.googleapis.com [none]
[debug] [2024-01-16T23:57:38.702Z] >>> [apiv2][(partial)header] GET https://serviceusage.googleapis.com/v1/projects/essencia-bahiana/services/cloudbuild.googleapis.com x-goog-quota-user=projects/essencia-bahiana
[debug] [2024-01-16T23:57:38.703Z] >>> [apiv2][query] GET https://serviceusage.googleapis.com/v1/projects/essencia-bahiana/services/artifactregistry.googleapis.com [none]
[debug] [2024-01-16T23:57:38.703Z] >>> [apiv2][(partial)header] GET https://serviceusage.googleapis.com/v1/projects/essencia-bahiana/services/artifactregistry.googleapis.com x-goog-quota-user=projects/essencia-bahiana
[debug] [2024-01-16T23:57:39.931Z] <<< [apiv2][status] GET https://serviceusage.googleapis.com/v1/projects/essencia-bahiana/services/runtimeconfig.googleapis.com 200
[debug] [2024-01-16T23:57:39.931Z] <<< [apiv2][body] GET https://serviceusage.googleapis.com/v1/projects/essencia-bahiana/services/runtimeconfig.googleapis.com [omitted]
[debug] [2024-01-16T23:57:39.932Z] <<< [apiv2][status] GET https://serviceusage.googleapis.com/v1/projects/essencia-bahiana/services/cloudbuild.googleapis.com 200
[debug] [2024-01-16T23:57:39.932Z] <<< [apiv2][body] GET https://serviceusage.googleapis.com/v1/projects/essencia-bahiana/services/cloudbuild.googleapis.com [omitted]
[info] ✔  functions: required API cloudbuild.googleapis.com is enabled 
[debug] [2024-01-16T23:57:39.935Z] <<< [apiv2][status] GET https://serviceusage.googleapis.com/v1/projects/essencia-bahiana/services/artifactregistry.googleapis.com 200
[debug] [2024-01-16T23:57:39.935Z] <<< [apiv2][body] GET https://serviceusage.googleapis.com/v1/projects/essencia-bahiana/services/artifactregistry.googleapis.com [omitted]
[info] ✔  artifactregistry: required API artifactregistry.googleapis.com is enabled 
[debug] [2024-01-16T23:57:39.936Z] <<< [apiv2][status] GET https://serviceusage.googleapis.com/v1/projects/essencia-bahiana/services/cloudfunctions.googleapis.com 200
[debug] [2024-01-16T23:57:39.937Z] <<< [apiv2][body] GET https://serviceusage.googleapis.com/v1/projects/essencia-bahiana/services/cloudfunctions.googleapis.com [omitted]
[info] ✔  functions: required API cloudfunctions.googleapis.com is enabled 
[debug] [2024-01-16T23:57:39.937Z] >>> [apiv2][query] GET https://firebase.googleapis.com/v1beta1/projects/essencia-bahiana/adminSdkConfig [none]
[debug] [2024-01-16T23:57:40.536Z] <<< [apiv2][status] GET https://firebase.googleapis.com/v1beta1/projects/essencia-bahiana/adminSdkConfig 200
[debug] [2024-01-16T23:57:40.536Z] <<< [apiv2][body] GET https://firebase.googleapis.com/v1beta1/projects/essencia-bahiana/adminSdkConfig {"projectId":"essencia-bahiana","databaseURL":"https://essencia-bahiana-default-rtdb.firebaseio.com","storageBucket":"essencia-bahiana.appspot.com","locationId":"southamerica-east1"}
[debug] [2024-01-16T23:57:40.537Z] >>> [apiv2][query] GET https://runtimeconfig.googleapis.com/v1beta1/projects/essencia-bahiana/configs [none]
[debug] [2024-01-16T23:57:40.998Z] <<< [apiv2][status] GET https://runtimeconfig.googleapis.com/v1beta1/projects/essencia-bahiana/configs 200
[debug] [2024-01-16T23:57:40.998Z] <<< [apiv2][body] GET https://runtimeconfig.googleapis.com/v1beta1/projects/essencia-bahiana/configs {}
[debug] [2024-01-16T23:57:41.001Z] Validating nodejs source
[debug] [2024-01-16T23:57:41.474Z] > [functions] package.json contents: {
  "name": "functions",
  "description": "Cloud Functions for Firebase",
  "scripts": {
    "serve": "firebase emulators:start --only functions",
    "shell": "firebase functions:shell",
    "start": "npm run shell",
    "deploy": "firebase deploy --only functions",
    "logs": "firebase functions:log"
  },
  "engines": {
    "node": "18"
  },
  "main": "index.js",
  "dependencies": {
    "axios": "^1.6.5",
    "firebase-admin": "^11.8.0",
    "firebase-functions": "^4.3.1"
  },
  "devDependencies": {
    "firebase-functions-test": "^3.1.0"
  },
  "private": true
}
[debug] [2024-01-16T23:57:41.474Z] Building nodejs source
[debug] [2024-01-16T23:57:41.475Z] Could not find functions.yaml. Must use http discovery
[debug] [2024-01-16T23:57:41.481Z] Found firebase-functions binary at '/Users/joaoluizdefigueiredomagalhaes/Desktop/Dev/eb/essencia-bahiana/functions/node_modules/.bin/firebase-functions'
[debug] [2024-01-16T23:57:41.556Z] Serving at port 8683

[debug] [2024-01-16T23:57:41.636Z] Got response from /__/functions.yaml {"endpoints":{"fetchPlaces":{"platform":"gcfv1","availableMemoryMb":256,"timeoutSeconds":120,"minInstances":null,"maxInstances":null,"ingressSettings":null,"serviceAccountEmail":null,"vpc":null,"httpsTrigger":{},"entryPoint":"fetchPlaces"}},"specVersion":"v1alpha1","requiredAPIs":[]}
[info] i  functions: preparing functions directory for uploading... 
[info] i  functions: packaged /Users/joaoluizdefigueiredomagalhaes/Desktop/Dev/eb/essencia-bahiana/functions (129.52 KB) for uploading 
[debug] [2024-01-16T23:57:41.666Z] >>> [apiv2][query] GET https://cloudfunctions.googleapis.com/v1/projects/essencia-bahiana/locations/-/functions [none]
[debug] [2024-01-16T23:57:44.142Z] <<< [apiv2][status] GET https://cloudfunctions.googleapis.com/v1/projects/essencia-bahiana/locations/-/functions 200
[debug] [2024-01-16T23:57:44.143Z] <<< [apiv2][body] GET https://cloudfunctions.googleapis.com/v1/projects/essencia-bahiana/locations/-/functions {"functions":[{"name":"projects/essencia-bahiana/locations/us-central1/functions/fetchPlaces","httpsTrigger":{"url":"https://us-central1-essencia-bahiana.cloudfunctions.net/fetchPlaces","securityLevel":"SECURE_ALWAYS"},"status":"ACTIVE","entryPoint":"fetchPlaces","timeout":"60s","availableMemoryMb":256,"serviceAccountEmail":"essencia-bahiana@appspot.gserviceaccount.com","updateTime":"2024-01-16T21:19:56.255Z","versionId":"3","labels":{"deployment-tool":"cli-firebase","firebase-functions-hash":"40dbdc433c0a307bb7d2dfc93a8504c8704a52b7"},"sourceUploadUrl":"https://storage.googleapis.com/uploads-595557666586.us-central1.cloudfunctions.appspot.com/25693182-0ead-4d05-a0b6-a01dab8fa98b.zip","environmentVariables":{"FIREBASE_CONFIG":"{\"projectId\":\"essencia-bahiana\",\"databaseURL\":\"https://essencia-bahiana-default-rtdb.firebaseio.com\",\"storageBucket\":\"essencia-bahiana.appspot.com\",\"locationId\":\"southamerica-east1\"}","GCLOUD_PROJECT":"essencia-bahiana","EVENTARC_CLOUD_EVENT_SOURCE":"projects/essencia-bahiana/locations/us-central1/functions/fetchPlaces"},"runtime":"nodejs18","ingressSettings":"ALLOW_ALL","buildId":"e43c6382-f9bf-4deb-bb34-30dffc9759a0","buildEnvironmentVariables":{"GOOGLE_NODE_RUN_SCRIPTS":""},"buildName":"projects/467804101964/locations/us-central1/builds/e43c6382-f9bf-4deb-bb34-30dffc9759a0","dockerRegistry":"ARTIFACT_REGISTRY","automaticUpdatePolicy":{}}]}
[debug] [2024-01-16T23:57:44.145Z] >>> [apiv2][query] GET https://cloudfunctions.googleapis.com/v2/projects/essencia-bahiana/locations/-/functions filter=environment%3D%22GEN_2%22
[debug] [2024-01-16T23:57:45.462Z] <<< [apiv2][status] GET https://cloudfunctions.googleapis.com/v2/projects/essencia-bahiana/locations/-/functions 200
[debug] [2024-01-16T23:57:45.462Z] <<< [apiv2][body] GET https://cloudfunctions.googleapis.com/v2/projects/essencia-bahiana/locations/-/functions {}
[debug] [2024-01-16T23:57:45.470Z] >>> [apiv2][query] GET https://firebase.googleapis.com/v1beta1/projects/essencia-bahiana [none]
[debug] [2024-01-16T23:57:45.883Z] <<< [apiv2][status] GET https://firebase.googleapis.com/v1beta1/projects/essencia-bahiana 200
[debug] [2024-01-16T23:57:45.883Z] <<< [apiv2][body] GET https://firebase.googleapis.com/v1beta1/projects/essencia-bahiana {"projectId":"essencia-bahiana","projectNumber":"467804101964","displayName":"essencia-bahiana","name":"projects/essencia-bahiana","resources":{"hostingSite":"essencia-bahiana","realtimeDatabaseInstance":"essencia-bahiana-default-rtdb","storageBucket":"essencia-bahiana.appspot.com","locationId":"southamerica-east1"},"state":"ACTIVE","etag":"1_dccfce22-f90c-4457-bed8-bfbf65ddc1c9"}
[debug] [2024-01-16T23:57:45.884Z] >>> [apiv2][query] POST https://cloudfunctions.googleapis.com/v1/projects/essencia-bahiana/locations/us-central1/functions:generateUploadUrl [none]
[debug] [2024-01-16T23:57:45.884Z] >>> [apiv2][body] POST https://cloudfunctions.googleapis.com/v1/projects/essencia-bahiana/locations/us-central1/functions:generateUploadUrl {}
[debug] [2024-01-16T23:57:46.856Z] <<< [apiv2][status] POST https://cloudfunctions.googleapis.com/v1/projects/essencia-bahiana/locations/us-central1/functions:generateUploadUrl 200
[debug] [2024-01-16T23:57:46.856Z] <<< [apiv2][body] POST https://cloudfunctions.googleapis.com/v1/projects/essencia-bahiana/locations/us-central1/functions:generateUploadUrl {"uploadUrl":"https://storage.googleapis.com/uploads-595557666586.us-central1.cloudfunctions.appspot.com/c3b24043-32be-4294-839a-d58db97fc810.zip?GoogleAccessId=service-467804101964@gcf-admin-robot.iam.gserviceaccount.com&Expires=1705451267&Signature=h%2BwM9lSf6%2BwbG8QJC5PDxejiaEvdAQORQK2OcUUyC1KCt8JSRTupNQOzXCtuPmJz%2FkYJ6rKDL2VMiIkkLkgS6ino1KQDHYfImaQshFtg20fW4asH1KiI%2Bo0rY36TjUP2MzBeNVR35yZV2WOhyxVfEOIAcLPfVZ7eMS9yc5VNMoNFIUSG3UV0WmvhSrZLEkfnoBFB%2BlWbz4r2U0yXHNpxci3joi1UAjE8u2%2FHZrxghzDNtpKt8XB01fCm48eQ6GJIByJ4q0gMQv19SJrYxH0KqMFXbSCLUQ8zCk59TH0bQdAxBlXu%2FV2xvuNJtLdZNLFejwDhF%2FjgOI%2FuzC56NzK4ag%3D%3D"}
[debug] [2024-01-16T23:57:46.857Z] >>> [apiv2][query] PUT https://storage.googleapis.com/uploads-595557666586.us-central1.cloudfunctions.appspot.com/c3b24043-32be-4294-839a-d58db97fc810.zip GoogleAccessId=service-467804101964%40gcf-admin-robot.iam.gserviceaccount.com&Expires=1705451267&Signature=h%2BwM9lSf6%2BwbG8QJC5PDxejiaEvdAQORQK2OcUUyC1KCt8JSRTupNQOzXCtuPmJz%2FkYJ6rKDL2VMiIkkLkgS6ino1KQDHYfImaQshFtg20fW4asH1KiI%2Bo0rY36TjUP2MzBeNVR35yZV2WOhyxVfEOIAcLPfVZ7eMS9yc5VNMoNFIUSG3UV0WmvhSrZLEkfnoBFB%2BlWbz4r2U0yXHNpxci3joi1UAjE8u2%2FHZrxghzDNtpKt8XB01fCm48eQ6GJIByJ4q0gMQv19SJrYxH0KqMFXbSCLUQ8zCk59TH0bQdAxBlXu%2FV2xvuNJtLdZNLFejwDhF%2FjgOI%2FuzC56NzK4ag%3D%3D
[debug] [2024-01-16T23:57:46.857Z] >>> [apiv2][body] PUT https://storage.googleapis.com/uploads-595557666586.us-central1.cloudfunctions.appspot.com/c3b24043-32be-4294-839a-d58db97fc810.zip [stream]
[debug] [2024-01-16T23:57:47.957Z] <<< [apiv2][status] PUT https://storage.googleapis.com/uploads-595557666586.us-central1.cloudfunctions.appspot.com/c3b24043-32be-4294-839a-d58db97fc810.zip 200
[debug] [2024-01-16T23:57:47.957Z] <<< [apiv2][body] PUT https://storage.googleapis.com/uploads-595557666586.us-central1.cloudfunctions.appspot.com/c3b24043-32be-4294-839a-d58db97fc810.zip [omitted]
[info] ✔  functions: functions folder uploaded successfully 
[info] i  functions: updating Node.js 18 (1st Gen) function fetchPlaces(us-central1)... 
[debug] [2024-01-16T23:57:47.962Z] >>> [apiv2][query] PATCH https://cloudfunctions.googleapis.com/v1/projects/essencia-bahiana/locations/us-central1/functions/fetchPlaces updateMask=name%2CsourceUploadUrl%2CentryPoint%2Cruntime%2CdockerRegistry%2Clabels%2ChttpsTrigger.securityLevel%2CminInstances%2CmaxInstances%2CingressSettings%2CenvironmentVariables%2CserviceAccountEmail%2CavailableMemoryMb%2Ctimeout%2CvpcConnector%2CvpcConnectorEgressSettings%2CsourceToken%2CbuildEnvironmentVariables
[debug] [2024-01-16T23:57:47.962Z] >>> [apiv2][body] PATCH https://cloudfunctions.googleapis.com/v1/projects/essencia-bahiana/locations/us-central1/functions/fetchPlaces {"name":"projects/essencia-bahiana/locations/us-central1/functions/fetchPlaces","sourceUploadUrl":"https://storage.googleapis.com/uploads-595557666586.us-central1.cloudfunctions.appspot.com/c3b24043-32be-4294-839a-d58db97fc810.zip?GoogleAccessId=service-467804101964@gcf-admin-robot.iam.gserviceaccount.com&Expires=1705451267&Signature=h%2BwM9lSf6%2BwbG8QJC5PDxejiaEvdAQORQK2OcUUyC1KCt8JSRTupNQOzXCtuPmJz%2FkYJ6rKDL2VMiIkkLkgS6ino1KQDHYfImaQshFtg20fW4asH1KiI%2Bo0rY36TjUP2MzBeNVR35yZV2WOhyxVfEOIAcLPfVZ7eMS9yc5VNMoNFIUSG3UV0WmvhSrZLEkfnoBFB%2BlWbz4r2U0yXHNpxci3joi1UAjE8u2%2FHZrxghzDNtpKt8XB01fCm48eQ6GJIByJ4q0gMQv19SJrYxH0KqMFXbSCLUQ8zCk59TH0bQdAxBlXu%2FV2xvuNJtLdZNLFejwDhF%2FjgOI%2FuzC56NzK4ag%3D%3D","entryPoint":"fetchPlaces","runtime":"nodejs18","dockerRegistry":"ARTIFACT_REGISTRY","labels":{"deployment-tool":"cli-firebase","firebase-functions-hash":"7860fd6126bc0820e07bc071ed701d92f115610d"},"httpsTrigger":{"securityLevel":"SECURE_ALWAYS"},"minInstances":null,"maxInstances":null,"ingressSettings":null,"environmentVariables":{"FIREBASE_CONFIG":"{\"projectId\":\"essencia-bahiana\",\"databaseURL\":\"https://essencia-bahiana-default-rtdb.firebaseio.com\",\"storageBucket\":\"essencia-bahiana.appspot.com\",\"locationId\":\"southamerica-east1\"}","GCLOUD_PROJECT":"essencia-bahiana","EVENTARC_CLOUD_EVENT_SOURCE":"projects/essencia-bahiana/locations/us-central1/functions/fetchPlaces"},"serviceAccountEmail":null,"availableMemoryMb":256,"timeout":"120s","vpcConnector":null,"vpcConnectorEgressSettings":null,"buildEnvironmentVariables":{"GOOGLE_NODE_RUN_SCRIPTS":""}}
[debug] [2024-01-16T23:57:49.149Z] <<< [apiv2][status] PATCH https://cloudfunctions.googleapis.com/v1/projects/essencia-bahiana/locations/us-central1/functions/fetchPlaces 200
[debug] [2024-01-16T23:57:49.149Z] <<< [apiv2][body] PATCH https://cloudfunctions.googleapis.com/v1/projects/essencia-bahiana/locations/us-central1/functions/fetchPlaces {"name":"operations/ZXNzZW5jaWEtYmFoaWFuYS91cy1jZW50cmFsMS9mZXRjaFBsYWNlcy9nX1ZXcDZ6VEhqNA","metadata":{"@type":"type.googleapis.com/google.cloud.functions.v1.OperationMetadataV1","target":"projects/essencia-bahiana/locations/us-central1/functions/fetchPlaces","type":"UPDATE_FUNCTION","request":{"@type":"type.googleapis.com/google.cloud.functions.v1.CloudFunction","name":"projects/essencia-bahiana/locations/us-central1/functions/fetchPlaces","httpsTrigger":{"url":"https://us-central1-essencia-bahiana.cloudfunctions.net/fetchPlaces","securityLevel":"SECURE_ALWAYS"},"status":"ACTIVE","entryPoint":"fetchPlaces","timeout":"120s","availableMemoryMb":256,"updateTime":"2024-01-16T21:19:56.255Z","versionId":"3","labels":{"deployment-tool":"cli-firebase","firebase-functions-hash":"7860fd6126bc0820e07bc071ed701d92f115610d"},"sourceUploadUrl":"https://storage.googleapis.com/uploads-595557666586.us-central1.cloudfunctions.appspot.com/c3b24043-32be-4294-839a-d58db97fc810.zip?GoogleAccessId=service-467804101964@gcf-admin-robot.iam.gserviceaccount.com&Expires=1705451267&Signature=h%2BwM9lSf6%2BwbG8QJC5PDxejiaEvdAQORQK2OcUUyC1KCt8JSRTupNQOzXCtuPmJz%2FkYJ6rKDL2VMiIkkLkgS6ino1KQDHYfImaQshFtg20fW4asH1KiI%2Bo0rY36TjUP2MzBeNVR35yZV2WOhyxVfEOIAcLPfVZ7eMS9yc5VNMoNFIUSG3UV0WmvhSrZLEkfnoBFB%2BlWbz4r2U0yXHNpxci3joi1UAjE8u2%2FHZrxghzDNtpKt8XB01fCm48eQ6GJIByJ4q0gMQv19SJrYxH0KqMFXbSCLUQ8zCk59TH0bQdAxBlXu%2FV2xvuNJtLdZNLFejwDhF%2FjgOI%2FuzC56NzK4ag%3D%3D","environmentVariables":{"FIREBASE_CONFIG":"{\"projectId\":\"essencia-bahiana\",\"databaseURL\":\"https://essencia-bahiana-default-rtdb.firebaseio.com\",\"storageBucket\":\"essencia-bahiana.appspot.com\",\"locationId\":\"southamerica-east1\"}","GCLOUD_PROJECT":"essencia-bahiana","EVENTARC_CLOUD_EVENT_SOURCE":"projects/essencia-bahiana/locations/us-central1/functions/fetchPlaces"},"runtime":"nodejs18","buildId":"e43c6382-f9bf-4deb-bb34-30dffc9759a0","buildEnvironmentVariables":{"GOOGLE_NODE_RUN_SCRIPTS":""},"buildName":"projects/467804101964/locations/us-central1/builds/e43c6382-f9bf-4deb-bb34-30dffc9759a0","dockerRegistry":"ARTIFACT_REGISTRY","automaticUpdatePolicy":{}},"versionId":"4","updateTime":"2024-01-16T23:57:49Z"}}
[debug] [2024-01-16T23:57:49.150Z] >>> [apiv2][query] GET https://cloudfunctions.googleapis.com/v1/operations/ZXNzZW5jaWEtYmFoaWFuYS91cy1jZW50cmFsMS9mZXRjaFBsYWNlcy9nX1ZXcDZ6VEhqNA [none]
[debug] [2024-01-16T23:57:49.917Z] <<< [apiv2][status] GET https://cloudfunctions.googleapis.com/v1/operations/ZXNzZW5jaWEtYmFoaWFuYS91cy1jZW50cmFsMS9mZXRjaFBsYWNlcy9nX1ZXcDZ6VEhqNA 200
[debug] [2024-01-16T23:57:49.918Z] <<< [apiv2][body] GET https://cloudfunctions.googleapis.com/v1/operations/ZXNzZW5jaWEtYmFoaWFuYS91cy1jZW50cmFsMS9mZXRjaFBsYWNlcy9nX1ZXcDZ6VEhqNA {"name":"operations/ZXNzZW5jaWEtYmFoaWFuYS91cy1jZW50cmFsMS9mZXRjaFBsYWNlcy9nX1ZXcDZ6VEhqNA","metadata":{"@type":"type.googleapis.com/google.cloud.functions.v1.OperationMetadataV1","target":"projects/essencia-bahiana/locations/us-central1/functions/fetchPlaces","type":"UPDATE_FUNCTION","request":{"@type":"type.googleapis.com/google.cloud.functions.v1.CloudFunction","name":"projects/essencia-bahiana/locations/us-central1/functions/fetchPlaces","httpsTrigger":{"url":"https://us-central1-essencia-bahiana.cloudfunctions.net/fetchPlaces","securityLevel":"SECURE_ALWAYS"},"status":"ACTIVE","entryPoint":"fetchPlaces","timeout":"120s","availableMemoryMb":256,"updateTime":"2024-01-16T21:19:56.255Z","versionId":"3","labels":{"deployment-tool":"cli-firebase","firebase-functions-hash":"7860fd6126bc0820e07bc071ed701d92f115610d"},"sourceUploadUrl":"https://storage.googleapis.com/uploads-595557666586.us-central1.cloudfunctions.appspot.com/c3b24043-32be-4294-839a-d58db97fc810.zip?GoogleAccessId=service-467804101964@gcf-admin-robot.iam.gserviceaccount.com&Expires=1705451267&Signature=h%2BwM9lSf6%2BwbG8QJC5PDxejiaEvdAQORQK2OcUUyC1KCt8JSRTupNQOzXCtuPmJz%2FkYJ6rKDL2VMiIkkLkgS6ino1KQDHYfImaQshFtg20fW4asH1KiI%2Bo0rY36TjUP2MzBeNVR35yZV2WOhyxVfEOIAcLPfVZ7eMS9yc5VNMoNFIUSG3UV0WmvhSrZLEkfnoBFB%2BlWbz4r2U0yXHNpxci3joi1UAjE8u2%2FHZrxghzDNtpKt8XB01fCm48eQ6GJIByJ4q0gMQv19SJrYxH0KqMFXbSCLUQ8zCk59TH0bQdAxBlXu%2FV2xvuNJtLdZNLFejwDhF%2FjgOI%2FuzC56NzK4ag%3D%3D","environmentVariables":{"FIREBASE_CONFIG":"{\"projectId\":\"essencia-bahiana\",\"databaseURL\":\"https://essencia-bahiana-default-rtdb.firebaseio.com\",\"storageBucket\":\"essencia-bahiana.appspot.com\",\"locationId\":\"southamerica-east1\"}","GCLOUD_PROJECT":"essencia-bahiana","EVENTARC_CLOUD_EVENT_SOURCE":"projects/essencia-bahiana/locations/us-central1/functions/fetchPlaces"},"runtime":"nodejs18","buildId":"e43c6382-f9bf-4deb-bb34-30dffc9759a0","buildEnvironmentVariables":{"GOOGLE_NODE_RUN_SCRIPTS":""},"buildName":"projects/467804101964/locations/us-central1/builds/e43c6382-f9bf-4deb-bb34-30dffc9759a0","dockerRegistry":"ARTIFACT_REGISTRY","automaticUpdatePolicy":{}},"versionId":"4","updateTime":"2024-01-16T23:57:49Z"}}
[debug] [2024-01-16T23:57:50.420Z] [update-default-us-central1-fetchPlaces] Retrying task index 0
[debug] [2024-01-16T23:57:50.421Z] >>> [apiv2][query] GET https://cloudfunctions.googleapis.com/v1/operations/ZXNzZW5jaWEtYmFoaWFuYS91cy1jZW50cmFsMS9mZXRjaFBsYWNlcy9nX1ZXcDZ6VEhqNA [none]
[debug] [2024-01-16T23:57:51.297Z] <<< [apiv2][status] GET https://cloudfunctions.googleapis.com/v1/operations/ZXNzZW5jaWEtYmFoaWFuYS91cy1jZW50cmFsMS9mZXRjaFBsYWNlcy9nX1ZXcDZ6VEhqNA 200
[debug] [2024-01-16T23:57:51.298Z] <<< [apiv2][body] GET https://cloudfunctions.googleapis.com/v1/operations/ZXNzZW5jaWEtYmFoaWFuYS91cy1jZW50cmFsMS9mZXRjaFBsYWNlcy9nX1ZXcDZ6VEhqNA {"name":"operations/ZXNzZW5jaWEtYmFoaWFuYS91cy1jZW50cmFsMS9mZXRjaFBsYWNlcy9nX1ZXcDZ6VEhqNA","metadata":{"@type":"type.googleapis.com/google.cloud.functions.v1.OperationMetadataV1","target":"projects/essencia-bahiana/locations/us-central1/functions/fetchPlaces","type":"UPDATE_FUNCTION","request":{"@type":"type.googleapis.com/google.cloud.functions.v1.CloudFunction","name":"projects/essencia-bahiana/locations/us-central1/functions/fetchPlaces","httpsTrigger":{"url":"https://us-central1-essencia-bahiana.cloudfunctions.net/fetchPlaces","securityLevel":"SECURE_ALWAYS"},"status":"ACTIVE","entryPoint":"fetchPlaces","timeout":"120s","availableMemoryMb":256,"updateTime":"2024-01-16T21:19:56.255Z","versionId":"3","labels":{"deployment-tool":"cli-firebase","firebase-functions-hash":"7860fd6126bc0820e07bc071ed701d92f115610d"},"sourceUploadUrl":"https://storage.googleapis.com/uploads-595557666586.us-central1.cloudfunctions.appspot.com/c3b24043-32be-4294-839a-d58db97fc810.zip?GoogleAccessId=service-467804101964@gcf-admin-robot.iam.gserviceaccount.com&Expires=1705451267&Signature=h%2BwM9lSf6%2BwbG8QJC5PDxejiaEvdAQORQK2OcUUyC1KCt8JSRTupNQOzXCtuPmJz%2FkYJ6rKDL2VMiIkkLkgS6ino1KQDHYfImaQshFtg20fW4asH1KiI%2Bo0rY36TjUP2MzBeNVR35yZV2WOhyxVfEOIAcLPfVZ7eMS9yc5VNMoNFIUSG3UV0WmvhSrZLEkfnoBFB%2BlWbz4r2U0yXHNpxci3joi1UAjE8u2%2FHZrxghzDNtpKt8XB01fCm48eQ6GJIByJ4q0gMQv19SJrYxH0KqMFXbSCLUQ8zCk59TH0bQdAxBlXu%2FV2xvuNJtLdZNLFejwDhF%2FjgOI%2FuzC56NzK4ag%3D%3D","environmentVariables":{"FIREBASE_CONFIG":"{\"projectId\":\"essencia-bahiana\",\"databaseURL\":\"https://essencia-bahiana-default-rtdb.firebaseio.com\",\"storageBucket\":\"essencia-bahiana.appspot.com\",\"locationId\":\"southamerica-east1\"}","GCLOUD_PROJECT":"essencia-bahiana","EVENTARC_CLOUD_EVENT_SOURCE":"projects/essencia-bahiana/locations/us-central1/functions/fetchPlaces"},"runtime":"nodejs18","buildId":"e43c6382-f9bf-4deb-bb34-30dffc9759a0","buildEnvironmentVariables":{"GOOGLE_NODE_RUN_SCRIPTS":""},"buildName":"projects/467804101964/locations/us-central1/builds/e43c6382-f9bf-4deb-bb34-30dffc9759a0","dockerRegistry":"ARTIFACT_REGISTRY","automaticUpdatePolicy":{}},"versionId":"4","updateTime":"2024-01-16T23:57:49Z","buildId":"eb20a499-611e-4dff-928e-7e54cf1b7d78","buildName":"projects/467804101964/locations/us-central1/builds/eb20a499-611e-4dff-928e-7e54cf1b7d78"}}
[debug] [2024-01-16T23:57:52.299Z] [update-default-us-central1-fetchPlaces] Retrying task index 0
[debug] [2024-01-16T23:57:52.300Z] >>> [apiv2][query] GET https://cloudfunctions.googleapis.com/v1/operations/ZXNzZW5jaWEtYmFoaWFuYS91cy1jZW50cmFsMS9mZXRjaFBsYWNlcy9nX1ZXcDZ6VEhqNA [none]
[debug] [2024-01-16T23:57:52.986Z] <<< [apiv2][status] GET https://cloudfunctions.googleapis.com/v1/operations/ZXNzZW5jaWEtYmFoaWFuYS91cy1jZW50cmFsMS9mZXRjaFBsYWNlcy9nX1ZXcDZ6VEhqNA 200
[debug] [2024-01-16T23:57:52.987Z] <<< [apiv2][body] GET https://cloudfunctions.googleapis.com/v1/operations/ZXNzZW5jaWEtYmFoaWFuYS91cy1jZW50cmFsMS9mZXRjaFBsYWNlcy9nX1ZXcDZ6VEhqNA {"name":"operations/ZXNzZW5jaWEtYmFoaWFuYS91cy1jZW50cmFsMS9mZXRjaFBsYWNlcy9nX1ZXcDZ6VEhqNA","metadata":{"@type":"type.googleapis.com/google.cloud.functions.v1.OperationMetadataV1","target":"projects/essencia-bahiana/locations/us-central1/functions/fetchPlaces","type":"UPDATE_FUNCTION","request":{"@type":"type.googleapis.com/google.cloud.functions.v1.CloudFunction","name":"projects/essencia-bahiana/locations/us-central1/functions/fetchPlaces","httpsTrigger":{"url":"https://us-central1-essencia-bahiana.cloudfunctions.net/fetchPlaces","securityLevel":"SECURE_ALWAYS"},"status":"ACTIVE","entryPoint":"fetchPlaces","timeout":"120s","availableMemoryMb":256,"updateTime":"2024-01-16T21:19:56.255Z","versionId":"3","labels":{"deployment-tool":"cli-firebase","firebase-functions-hash":"7860fd6126bc0820e07bc071ed701d92f115610d"},"sourceUploadUrl":"https://storage.googleapis.com/uploads-595557666586.us-central1.cloudfunctions.appspot.com/c3b24043-32be-4294-839a-d58db97fc810.zip?GoogleAccessId=service-467804101964@gcf-admin-robot.iam.gserviceaccount.com&Expires=1705451267&Signature=h%2BwM9lSf6%2BwbG8QJC5PDxejiaEvdAQORQK2OcUUyC1KCt8JSRTupNQOzXCtuPmJz%2FkYJ6rKDL2VMiIkkLkgS6ino1KQDHYfImaQshFtg20fW4asH1KiI%2Bo0rY36TjUP2MzBeNVR35yZV2WOhyxVfEOIAcLPfVZ7eMS9yc5VNMoNFIUSG3UV0WmvhSrZLEkfnoBFB%2BlWbz4r2U0yXHNpxci3joi1UAjE8u2%2FHZrxghzDNtpKt8XB01fCm48eQ6GJIByJ4q0gMQv19SJrYxH0KqMFXbSCLUQ8zCk59TH0bQdAxBlXu%2FV2xvuNJtLdZNLFejwDhF%2FjgOI%2FuzC56NzK4ag%3D%3D","environmentVariables":{"FIREBASE_CONFIG":"{\"projectId\":\"essencia-bahiana\",\"databaseURL\":\"https://essencia-bahiana-default-rtdb.firebaseio.com\",\"storageBucket\":\"essencia-bahiana.appspot.com\",\"locationId\":\"southamerica-east1\"}","GCLOUD_PROJECT":"essencia-bahiana","EVENTARC_CLOUD_EVENT_SOURCE":"projects/essencia-bahiana/locations/us-central1/functions/fetchPlaces"},"runtime":"nodejs18","buildId":"e43c6382-f9bf-4deb-bb34-30dffc9759a0","buildEnvironmentVariables":{"GOOGLE_NODE_RUN_SCRIPTS":""},"buildName":"projects/467804101964/locations/us-central1/builds/e43c6382-f9bf-4deb-bb34-30dffc9759a0","dockerRegistry":"ARTIFACT_REGISTRY","automaticUpdatePolicy":{}},"versionId":"4","updateTime":"2024-01-16T23:57:49Z","buildId":"eb20a499-611e-4dff-928e-7e54cf1b7d78","buildName":"projects/467804101964/locations/us-central1/builds/eb20a499-611e-4dff-928e-7e54cf1b7d78"}}
[debug] [2024-01-16T23:57:54.988Z] [update-default-us-central1-fetchPlaces] Retrying task index 0
[debug] [2024-01-16T23:57:54.988Z] >>> [apiv2][query] GET https://cloudfunctions.googleapis.com/v1/operations/ZXNzZW5jaWEtYmFoaWFuYS91cy1jZW50cmFsMS9mZXRjaFBsYWNlcy9nX1ZXcDZ6VEhqNA [none]
[debug] [2024-01-16T23:57:55.681Z] <<< [apiv2][status] GET https://cloudfunctions.googleapis.com/v1/operations/ZXNzZW5jaWEtYmFoaWFuYS91cy1jZW50cmFsMS9mZXRjaFBsYWNlcy9nX1ZXcDZ6VEhqNA 200
[debug] [2024-01-16T23:57:55.682Z] <<< [apiv2][body] GET https://cloudfunctions.googleapis.com/v1/operations/ZXNzZW5jaWEtYmFoaWFuYS91cy1jZW50cmFsMS9mZXRjaFBsYWNlcy9nX1ZXcDZ6VEhqNA {"name":"operations/ZXNzZW5jaWEtYmFoaWFuYS91cy1jZW50cmFsMS9mZXRjaFBsYWNlcy9nX1ZXcDZ6VEhqNA","metadata":{"@type":"type.googleapis.com/google.cloud.functions.v1.OperationMetadataV1","target":"projects/essencia-bahiana/locations/us-central1/functions/fetchPlaces","type":"UPDATE_FUNCTION","request":{"@type":"type.googleapis.com/google.cloud.functions.v1.CloudFunction","name":"projects/essencia-bahiana/locations/us-central1/functions/fetchPlaces","httpsTrigger":{"url":"https://us-central1-essencia-bahiana.cloudfunctions.net/fetchPlaces","securityLevel":"SECURE_ALWAYS"},"status":"ACTIVE","entryPoint":"fetchPlaces","timeout":"120s","availableMemoryMb":256,"updateTime":"2024-01-16T21:19:56.255Z","versionId":"3","labels":{"deployment-tool":"cli-firebase","firebase-functions-hash":"7860fd6126bc0820e07bc071ed701d92f115610d"},"sourceUploadUrl":"https://storage.googleapis.com/uploads-595557666586.us-central1.cloudfunctions.appspot.com/c3b24043-32be-4294-839a-d58db97fc810.zip?GoogleAccessId=service-467804101964@gcf-admin-robot.iam.gserviceaccount.com&Expires=1705451267&Signature=h%2BwM9lSf6%2BwbG8QJC5PDxejiaEvdAQORQK2OcUUyC1KCt8JSRTupNQOzXCtuPmJz%2FkYJ6rKDL2VMiIkkLkgS6ino1KQDHYfImaQshFtg20fW4asH1KiI%2Bo0rY36TjUP2MzBeNVR35yZV2WOhyxVfEOIAcLPfVZ7eMS9yc5VNMoNFIUSG3UV0WmvhSrZLEkfnoBFB%2BlWbz4r2U0yXHNpxci3joi1UAjE8u2%2FHZrxghzDNtpKt8XB01fCm48eQ6GJIByJ4q0gMQv19SJrYxH0KqMFXbSCLUQ8zCk59TH0bQdAxBlXu%2FV2xvuNJtLdZNLFejwDhF%2FjgOI%2FuzC56NzK4ag%3D%3D","environmentVariables":{"FIREBASE_CONFIG":"{\"projectId\":\"essencia-bahiana\",\"databaseURL\":\"https://essencia-bahiana-default-rtdb.firebaseio.com\",\"storageBucket\":\"essencia-bahiana.appspot.com\",\"locationId\":\"southamerica-east1\"}","GCLOUD_PROJECT":"essencia-bahiana","EVENTARC_CLOUD_EVENT_SOURCE":"projects/essencia-bahiana/locations/us-central1/functions/fetchPlaces"},"runtime":"nodejs18","buildId":"e43c6382-f9bf-4deb-bb34-30dffc9759a0","buildEnvironmentVariables":{"GOOGLE_NODE_RUN_SCRIPTS":""},"buildName":"projects/467804101964/locations/us-central1/builds/e43c6382-f9bf-4deb-bb34-30dffc9759a0","dockerRegistry":"ARTIFACT_REGISTRY","automaticUpdatePolicy":{}},"versionId":"4","updateTime":"2024-01-16T23:57:49Z","buildId":"eb20a499-611e-4dff-928e-7e54cf1b7d78","buildName":"projects/467804101964/locations/us-central1/builds/eb20a499-611e-4dff-928e-7e54cf1b7d78"}}
[debug] [2024-01-16T23:57:59.683Z] [update-default-us-central1-fetchPlaces] Retrying task index 0
[debug] [2024-01-16T23:57:59.683Z] >>> [apiv2][query] GET https://cloudfunctions.googleapis.com/v1/operations/ZXNzZW5jaWEtYmFoaWFuYS91cy1jZW50cmFsMS9mZXRjaFBsYWNlcy9nX1ZXcDZ6VEhqNA [none]
[debug] [2024-01-16T23:58:00.365Z] <<< [apiv2][status] GET https://cloudfunctions.googleapis.com/v1/operations/ZXNzZW5jaWEtYmFoaWFuYS91cy1jZW50cmFsMS9mZXRjaFBsYWNlcy9nX1ZXcDZ6VEhqNA 200
[debug] [2024-01-16T23:58:00.365Z] <<< [apiv2][body] GET https://cloudfunctions.googleapis.com/v1/operations/ZXNzZW5jaWEtYmFoaWFuYS91cy1jZW50cmFsMS9mZXRjaFBsYWNlcy9nX1ZXcDZ6VEhqNA {"name":"operations/ZXNzZW5jaWEtYmFoaWFuYS91cy1jZW50cmFsMS9mZXRjaFBsYWNlcy9nX1ZXcDZ6VEhqNA","metadata":{"@type":"type.googleapis.com/google.cloud.functions.v1.OperationMetadataV1","target":"projects/essencia-bahiana/locations/us-central1/functions/fetchPlaces","type":"UPDATE_FUNCTION","request":{"@type":"type.googleapis.com/google.cloud.functions.v1.CloudFunction","name":"projects/essencia-bahiana/locations/us-central1/functions/fetchPlaces","httpsTrigger":{"url":"https://us-central1-essencia-bahiana.cloudfunctions.net/fetchPlaces","securityLevel":"SECURE_ALWAYS"},"status":"ACTIVE","entryPoint":"fetchPlaces","timeout":"120s","availableMemoryMb":256,"updateTime":"2024-01-16T21:19:56.255Z","versionId":"3","labels":{"deployment-tool":"cli-firebase","firebase-functions-hash":"7860fd6126bc0820e07bc071ed701d92f115610d"},"sourceUploadUrl":"https://storage.googleapis.com/uploads-595557666586.us-central1.cloudfunctions.appspot.com/c3b24043-32be-4294-839a-d58db97fc810.zip?GoogleAccessId=service-467804101964@gcf-admin-robot.iam.gserviceaccount.com&Expires=1705451267&Signature=h%2BwM9lSf6%2BwbG8QJC5PDxejiaEvdAQORQK2OcUUyC1KCt8JSRTupNQOzXCtuPmJz%2FkYJ6rKDL2VMiIkkLkgS6ino1KQDHYfImaQshFtg20fW4asH1KiI%2Bo0rY36TjUP2MzBeNVR35yZV2WOhyxVfEOIAcLPfVZ7eMS9yc5VNMoNFIUSG3UV0WmvhSrZLEkfnoBFB%2BlWbz4r2U0yXHNpxci3joi1UAjE8u2%2FHZrxghzDNtpKt8XB01fCm48eQ6GJIByJ4q0gMQv19SJrYxH0KqMFXbSCLUQ8zCk59TH0bQdAxBlXu%2FV2xvuNJtLdZNLFejwDhF%2FjgOI%2FuzC56NzK4ag%3D%3D","environmentVariables":{"FIREBASE_CONFIG":"{\"projectId\":\"essencia-bahiana\",\"databaseURL\":\"https://essencia-bahiana-default-rtdb.firebaseio.com\",\"storageBucket\":\"essencia-bahiana.appspot.com\",\"locationId\":\"southamerica-east1\"}","GCLOUD_PROJECT":"essencia-bahiana","EVENTARC_CLOUD_EVENT_SOURCE":"projects/essencia-bahiana/locations/us-central1/functions/fetchPlaces"},"runtime":"nodejs18","buildId":"e43c6382-f9bf-4deb-bb34-30dffc9759a0","buildEnvironmentVariables":{"GOOGLE_NODE_RUN_SCRIPTS":""},"buildName":"projects/467804101964/locations/us-central1/builds/e43c6382-f9bf-4deb-bb34-30dffc9759a0","dockerRegistry":"ARTIFACT_REGISTRY","automaticUpdatePolicy":{}},"versionId":"4","updateTime":"2024-01-16T23:57:49Z","buildId":"eb20a499-611e-4dff-928e-7e54cf1b7d78","buildName":"projects/467804101964/locations/us-central1/builds/eb20a499-611e-4dff-928e-7e54cf1b7d78"}}
[debug] [2024-01-16T23:58:08.366Z] [update-default-us-central1-fetchPlaces] Retrying task index 0
[debug] [2024-01-16T23:58:08.367Z] >>> [apiv2][query] GET https://cloudfunctions.googleapis.com/v1/operations/ZXNzZW5jaWEtYmFoaWFuYS91cy1jZW50cmFsMS9mZXRjaFBsYWNlcy9nX1ZXcDZ6VEhqNA [none]
[debug] [2024-01-16T23:58:09.061Z] <<< [apiv2][status] GET https://cloudfunctions.googleapis.com/v1/operations/ZXNzZW5jaWEtYmFoaWFuYS91cy1jZW50cmFsMS9mZXRjaFBsYWNlcy9nX1ZXcDZ6VEhqNA 200
[debug] [2024-01-16T23:58:09.061Z] <<< [apiv2][body] GET https://cloudfunctions.googleapis.com/v1/operations/ZXNzZW5jaWEtYmFoaWFuYS91cy1jZW50cmFsMS9mZXRjaFBsYWNlcy9nX1ZXcDZ6VEhqNA {"name":"operations/ZXNzZW5jaWEtYmFoaWFuYS91cy1jZW50cmFsMS9mZXRjaFBsYWNlcy9nX1ZXcDZ6VEhqNA","metadata":{"@type":"type.googleapis.com/google.cloud.functions.v1.OperationMetadataV1","target":"projects/essencia-bahiana/locations/us-central1/functions/fetchPlaces","type":"UPDATE_FUNCTION","request":{"@type":"type.googleapis.com/google.cloud.functions.v1.CloudFunction","name":"projects/essencia-bahiana/locations/us-central1/functions/fetchPlaces","httpsTrigger":{"url":"https://us-central1-essencia-bahiana.cloudfunctions.net/fetchPlaces","securityLevel":"SECURE_ALWAYS"},"status":"ACTIVE","entryPoint":"fetchPlaces","timeout":"120s","availableMemoryMb":256,"updateTime":"2024-01-16T21:19:56.255Z","versionId":"3","labels":{"deployment-tool":"cli-firebase","firebase-functions-hash":"7860fd6126bc0820e07bc071ed701d92f115610d"},"sourceUploadUrl":"https://storage.googleapis.com/uploads-595557666586.us-central1.cloudfunctions.appspot.com/c3b24043-32be-4294-839a-d58db97fc810.zip?GoogleAccessId=service-467804101964@gcf-admin-robot.iam.gserviceaccount.com&Expires=1705451267&Signature=h%2BwM9lSf6%2BwbG8QJC5PDxejiaEvdAQORQK2OcUUyC1KCt8JSRTupNQOzXCtuPmJz%2FkYJ6rKDL2VMiIkkLkgS6ino1KQDHYfImaQshFtg20fW4asH1KiI%2Bo0rY36TjUP2MzBeNVR35yZV2WOhyxVfEOIAcLPfVZ7eMS9yc5VNMoNFIUSG3UV0WmvhSrZLEkfnoBFB%2BlWbz4r2U0yXHNpxci3joi1UAjE8u2%2FHZrxghzDNtpKt8XB01fCm48eQ6GJIByJ4q0gMQv19SJrYxH0KqMFXbSCLUQ8zCk59TH0bQdAxBlXu%2FV2xvuNJtLdZNLFejwDhF%2FjgOI%2FuzC56NzK4ag%3D%3D","environmentVariables":{"FIREBASE_CONFIG":"{\"projectId\":\"essencia-bahiana\",\"databaseURL\":\"https://essencia-bahiana-default-rtdb.firebaseio.com\",\"storageBucket\":\"essencia-bahiana.appspot.com\",\"locationId\":\"southamerica-east1\"}","GCLOUD_PROJECT":"essencia-bahiana","EVENTARC_CLOUD_EVENT_SOURCE":"projects/essencia-bahiana/locations/us-central1/functions/fetchPlaces"},"runtime":"nodejs18","buildId":"e43c6382-f9bf-4deb-bb34-30dffc9759a0","buildEnvironmentVariables":{"GOOGLE_NODE_RUN_SCRIPTS":""},"buildName":"projects/467804101964/locations/us-central1/builds/e43c6382-f9bf-4deb-bb34-30dffc9759a0","dockerRegistry":"ARTIFACT_REGISTRY","automaticUpdatePolicy":{}},"versionId":"4","updateTime":"2024-01-16T23:57:49Z","buildId":"eb20a499-611e-4dff-928e-7e54cf1b7d78","buildName":"projects/467804101964/locations/us-central1/builds/eb20a499-611e-4dff-928e-7e54cf1b7d78"}}
